<?xml version="1.0" encoding="UTF-8"?>
<robot generator="Robot 6.0.2 (Python 3.8.10 on linux)" generated="20230120 16:58:46.126" rpa="false" schemaversion="3">
<suite id="s1" name="Login" source="/home/fero/PycharmProjects/Bollore_Automation/TestCases/login.robot">
<test id="s1-t1" name=" LoginTest" line="12">
<kw name="Open Browser" library="SeleniumLibrary">
<arg>${url}</arg>
<arg>${browser}</arg>
<doc>Opens a new browser instance to the optional ``url``.</doc>
<msg timestamp="20230120 16:58:46.283" level="FAIL">Variable '${url}' not found.</msg>
<status status="FAIL" starttime="20230120 16:58:46.282" endtime="20230120 16:58:46.283"/>
</kw>
<kw name="Sleep" library="BuiltIn">
<arg>5s</arg>
<doc>Pauses the test executed for the given time.</doc>
<status status="NOT RUN" starttime="20230120 16:58:46.284" endtime="20230120 16:58:46.284"/>
</kw>
<kw name="LoginToWebsite">
<status status="NOT RUN" starttime="20230120 16:58:46.288" endtime="20230120 16:58:46.288"/>
</kw>
<kw name="Close Browser" library="SeleniumLibrary">
<doc>Closes the current browser.</doc>
<status status="NOT RUN" starttime="20230120 16:58:46.288" endtime="20230120 16:58:46.288"/>
</kw>
<kw name="*** Keywords ***">
<status status="NOT RUN" starttime="20230120 16:58:46.292" endtime="20230120 16:58:46.292"/>
</kw>
<status status="FAIL" starttime="20230120 16:58:46.281" endtime="20230120 16:58:46.292">Variable '${url}' not found.</status>
</test>
<test id="s1-t2" name=" LoginToWebsite" line="21">
<kw name="Click Link" library="SeleniumLibrary">
<arg>xpath://a[contains(text(),'Log in')]</arg>
<doc>Clicks a link identified by ``locator``.</doc>
<msg timestamp="20230120 16:58:46.293" level="INFO">Clicking link 'xpath://a[contains(text(),'Log in')]'.</msg>
<msg timestamp="20230120 16:58:46.294" level="INFO">Cannot capture screenshot because no browser is open.</msg>
<msg timestamp="20230120 16:58:46.294" level="FAIL">No browser is open.</msg>
<status status="FAIL" starttime="20230120 16:58:46.293" endtime="20230120 16:58:46.295"/>
</kw>
<kw name="Input Text" library="SeleniumLibrary">
<arg>id:Email</arg>
<arg>vivekghodasara1@gmail.com</arg>
<doc>Types the given ``text`` into the text field identified by ``locator``.</doc>
<status status="NOT RUN" starttime="20230120 16:58:46.295" endtime="20230120 16:58:46.295"/>
</kw>
<kw name="Input Text" library="SeleniumLibrary">
<arg>id:Password</arg>
<arg>Test@1234</arg>
<doc>Types the given ``text`` into the text field identified by ``locator``.</doc>
<status status="NOT RUN" starttime="20230120 16:58:46.295" endtime="20230120 16:58:46.295"/>
</kw>
<kw name="Click Element" library="SeleniumLibrary">
<arg>xpath://button[contains(text(),'Log in')]</arg>
<doc>Click the element identified by ``locator``.</doc>
<status status="NOT RUN" starttime="20230120 16:58:46.296" endtime="20230120 16:58:46.296"/>
</kw>
<status status="FAIL" starttime="20230120 16:58:46.292" endtime="20230120 16:58:46.296">No browser is open.</status>
</test>
<status status="FAIL" starttime="20230120 16:58:46.127" endtime="20230120 16:58:46.297"/>
</suite>
<statistics>
<total>
<stat pass="0" fail="2" skip="0">All Tests</stat>
</total>
<tag>
</tag>
<suite>
<stat pass="0" fail="2" skip="0" id="s1" name="Login">Login</stat>
</suite>
</statistics>
<errors>
<msg timestamp="20230120 16:58:46.127" level="ERROR">Error in file '/home/fero/PycharmProjects/Bollore_Automation/TestCases/login.robot' on line 7: Setting variable '' failed: Invalid variable name ''.</msg>
<msg timestamp="20230120 16:58:46.127" level="ERROR">Error in file '/home/fero/PycharmProjects/Bollore_Automation/TestCases/login.robot' on line 8: Setting variable '' failed: Invalid variable name ''.</msg>
</errors>
</robot>
