<?xml version="1.0" encoding="UTF-8"?>
<robot generator="Robot 6.0.2 (Python 3.8.10 on linux)" generated="20230313 10:29:15.451" rpa="false" schemaversion="3">
<suite id="s1" name="Support" source="/home/fero/PycharmProjects/Bollore_Automation_git/Bollore_Automation/TestCases/Support.robot">
<test id="s1-t1" name="OpenBrowser" line="7">
<kw name="Begin Web Test" library="Common">
<kw name="Open Browser" library="SeleniumLibrary">
<arg>${Browser}</arg>
<arg>${url}</arg>
<doc>Opens a new browser instance to the optional ``url``.</doc>
<msg timestamp="20230313 10:29:15.609" level="INFO">Opening browser 'chrome' to base url 'https://sit.fast.bollore.fero.ai/'.</msg>
<status status="PASS" starttime="20230313 10:29:15.608" endtime="20230313 10:29:17.152"/>
</kw>
<kw name="Input Text" library="SeleniumLibrary">
<arg>xpath://html/body/div/div/div/div/main/div/div/div/form/div/div[2]/div/div[1]/div/div/div[1]/div[1]/input</arg>
<arg>admin_vivek</arg>
<doc>Types the given ``text`` into the text field identified by ``locator``.</doc>
<msg timestamp="20230313 10:29:17.154" level="INFO">Typing text 'admin_vivek' into text field 'xpath://html/body/div/div/div/div/main/div/div/div/form/div/div[2]/div/div[1]/div/div/div[1]/div[1]/input'.</msg>
<status status="PASS" starttime="20230313 10:29:17.153" endtime="20230313 10:29:17.375"/>
</kw>
<kw name="Input Text" library="SeleniumLibrary">
<arg>xpath://html/body/div/div/div/div/main/div/div/div/form/div/div[2]/div/div[2]/div/div/div/div[1]/input</arg>
<arg>fero@1234</arg>
<doc>Types the given ``text`` into the text field identified by ``locator``.</doc>
<msg timestamp="20230313 10:29:17.376" level="INFO">Typing text 'fero@1234' into text field 'xpath://html/body/div/div/div/div/main/div/div/div/form/div/div[2]/div/div[2]/div/div/div/div[1]/input'.</msg>
<status status="PASS" starttime="20230313 10:29:17.375" endtime="20230313 10:29:17.538"/>
</kw>
<kw name="Click Element" library="SeleniumLibrary">
<arg>xpath://html/body/div/div/div/div/main/div/div/div/form/div/div[2]/div/div[3]/button</arg>
<doc>Click the element identified by ``locator``.</doc>
<msg timestamp="20230313 10:29:17.538" level="INFO">Clicking element 'xpath://html/body/div/div/div/div/main/div/div/div/form/div/div[2]/div/div[3]/button'.</msg>
<status status="PASS" starttime="20230313 10:29:17.538" endtime="20230313 10:29:17.612"/>
</kw>
<kw name="Wait Until Page Contains" library="SeleniumLibrary">
<arg>Orders</arg>
<arg>30s</arg>
<doc>Waits until ``text`` appears on the current page.</doc>
<status status="PASS" starttime="20230313 10:29:17.612" endtime="20230313 10:29:19.006"/>
</kw>
<kw name="Page Should Contain" library="SeleniumLibrary">
<arg>Orders</arg>
<doc>Verifies that current page contains ``text``.</doc>
<msg timestamp="20230313 10:29:19.030" level="INFO">Current page contains text 'Orders'.</msg>
<status status="PASS" starttime="20230313 10:29:19.006" endtime="20230313 10:29:19.030"/>
</kw>
<status status="PASS" starttime="20230313 10:29:15.608" endtime="20230313 10:29:19.030"/>
</kw>
<status status="PASS" starttime="20230313 10:29:15.607" endtime="20230313 10:29:19.031"/>
</test>
<test id="s1-t2" name="TestSupportModule" line="10">
<kw name="Click Operation" library="Support">
<kw name="Click Element" library="SeleniumLibrary">
<arg>${MainMenu}</arg>
<doc>Click the element identified by ``locator``.</doc>
<msg timestamp="20230313 10:29:19.038" level="INFO">Clicking element 'xpath://header/div[1]/button[1]'.</msg>
<status status="PASS" starttime="20230313 10:29:19.036" endtime="20230313 10:29:19.148"/>
</kw>
<kw name="Sleep" library="BuiltIn">
<arg>1s</arg>
<doc>Pauses the test executed for the given time.</doc>
<msg timestamp="20230313 10:29:20.149" level="INFO">Slept 1 second</msg>
<status status="PASS" starttime="20230313 10:29:19.148" endtime="20230313 10:29:20.149"/>
</kw>
<kw name="Click Element" library="SeleniumLibrary">
<arg>${Support}</arg>
<doc>Click the element identified by ``locator``.</doc>
<msg timestamp="20230313 10:29:20.151" level="INFO">Clicking element 'xpath://div[contains(text(),'Support')]'.</msg>
<status status="PASS" starttime="20230313 10:29:20.150" endtime="20230313 10:29:20.223"/>
</kw>
<kw name="Sleep" library="BuiltIn">
<arg>1s</arg>
<doc>Pauses the test executed for the given time.</doc>
<msg timestamp="20230313 10:29:21.224" level="INFO">Slept 1 second</msg>
<status status="PASS" starttime="20230313 10:29:20.224" endtime="20230313 10:29:21.224"/>
</kw>
<kw name="Maximize Browser Window" library="SeleniumLibrary">
<doc>Maximizes current browser window.</doc>
<status status="PASS" starttime="20230313 10:29:21.225" endtime="20230313 10:29:21.390"/>
</kw>
<kw name="Click Element" library="SeleniumLibrary">
<arg>${AddTicket}</arg>
<doc>Click the element identified by ``locator``.</doc>
<msg timestamp="20230313 10:29:21.391" level="INFO">Clicking element 'xpath://html/body/div/div/div/div/main/div/div/div/div[1]/div[2]/button/span/span'.</msg>
<status status="PASS" starttime="20230313 10:29:21.390" endtime="20230313 10:29:21.461"/>
</kw>
<kw name="Sleep" library="BuiltIn">
<arg>1s</arg>
<doc>Pauses the test executed for the given time.</doc>
<msg timestamp="20230313 10:29:22.461" level="INFO">Slept 1 second</msg>
<status status="PASS" starttime="20230313 10:29:21.461" endtime="20230313 10:29:22.461"/>
</kw>
<status status="PASS" starttime="20230313 10:29:19.035" endtime="20230313 10:29:22.462"/>
</kw>
<kw name="Create Support Ticket For Rate Enquiry Module" library="Support">
<kw name="Input Text" library="SeleniumLibrary">
<arg>xpath://html/body/div[1]/div/div/div[1]/main/div/div/div/form/div/div[1]/div/div/div/div[1]/input</arg>
<arg>Orders</arg>
<doc>Types the given ``text`` into the text field identified by ``locator``.</doc>
<msg timestamp="20230313 10:29:22.463" level="INFO">Typing text 'Orders' into text field 'xpath://html/body/div[1]/div/div/div[1]/main/div/div/div/form/div/div[1]/div/div/div/div[1]/input'.</msg>
<status status="PASS" starttime="20230313 10:29:22.462" endtime="20230313 10:29:22.630"/>
</kw>
<kw name="Click Element" library="SeleniumLibrary">
<arg>xpath://html/body/div[1]/div/div/div[1]/main/div/div/div/form/div/div[2]/div/div/div/div[1]/input[1]</arg>
<doc>Click the element identified by ``locator``.</doc>
<msg timestamp="20230313 10:29:22.631" level="INFO">Clicking element 'xpath://html/body/div[1]/div/div/div[1]/main/div/div/div/form/div/div[2]/div/div/div/div[1]/input[1]'.</msg>
<status status="PASS" starttime="20230313 10:29:22.631" endtime="20230313 10:29:22.734"/>
</kw>
<kw name="Click Element" library="SeleniumLibrary">
<arg>xpath://div[contains(text(),'Rate Enquiry')]</arg>
<doc>Click the element identified by ``locator``.</doc>
<msg timestamp="20230313 10:29:22.735" level="INFO">Clicking element 'xpath://div[contains(text(),'Rate Enquiry')]'.</msg>
<status status="PASS" starttime="20230313 10:29:22.735" endtime="20230313 10:29:22.822"/>
</kw>
<kw name="Click Element" library="SeleniumLibrary">
<arg>xpath://html/body/div/div/div/div[1]/main/div/div/div/form/div/div[3]/div/div/div/div[1]/input[1]</arg>
<doc>Click the element identified by ``locator``.</doc>
<msg timestamp="20230313 10:29:22.823" level="INFO">Clicking element 'xpath://html/body/div/div/div/div[1]/main/div/div/div/form/div/div[3]/div/div/div/div[1]/input[1]'.</msg>
<status status="PASS" starttime="20230313 10:29:22.822" endtime="20230313 10:29:22.914"/>
</kw>
<kw name="Click Element" library="SeleniumLibrary">
<arg>xpath://div[contains(text(),'Low')]</arg>
<doc>Click the element identified by ``locator``.</doc>
<msg timestamp="20230313 10:29:22.916" level="INFO">Clicking element 'xpath://div[contains(text(),'Low')]'.</msg>
<status status="PASS" starttime="20230313 10:29:22.915" endtime="20230313 10:29:22.997"/>
</kw>
<kw name="Input Text" library="SeleniumLibrary">
<arg>xpath://html/body/div/div/div/div[1]/main/div/div/div/form/div/div[4]/div/div/div[1]/div[1]/textarea</arg>
<arg>Testing</arg>
<doc>Types the given ``text`` into the text field identified by ``locator``.</doc>
<msg timestamp="20230313 10:29:22.999" level="INFO">Typing text 'Testing' into text field 'xpath://html/body/div/div/div/div[1]/main/div/div/div/form/div/div[4]/div/div/div[1]/div[1]/textarea'.</msg>
<status status="PASS" starttime="20230313 10:29:22.997" endtime="20230313 10:29:23.196"/>
</kw>
<kw name="Click Button" library="SeleniumLibrary">
<arg>Submit</arg>
<doc>Clicks the button identified by ``locator``.</doc>
<msg timestamp="20230313 10:29:23.198" level="INFO">Clicking button 'Submit'.</msg>
<status status="PASS" starttime="20230313 10:29:23.197" endtime="20230313 10:29:23.308"/>
</kw>
<kw name="Sleep" library="BuiltIn">
<arg>3s</arg>
<doc>Pauses the test executed for the given time.</doc>
<msg timestamp="20230313 10:29:26.308" level="INFO">Slept 3 seconds</msg>
<status status="PASS" starttime="20230313 10:29:23.308" endtime="20230313 10:29:26.309"/>
</kw>
<kw name="Wait Until Page Contains" library="SeleniumLibrary">
<arg>Ticket created successfully!</arg>
<doc>Waits until ``text`` appears on the current page.</doc>
<status status="PASS" starttime="20230313 10:29:26.309" endtime="20230313 10:29:28.654"/>
</kw>
<status status="PASS" starttime="20230313 10:29:22.462" endtime="20230313 10:29:28.654"/>
</kw>
<kw name="Create Support Ticket For Trip Module" library="Support">
<kw name="Click Element" library="SeleniumLibrary">
<arg>${AddTicket}</arg>
<doc>Click the element identified by ``locator``.</doc>
<msg timestamp="20230313 10:29:28.656" level="INFO">Clicking element 'xpath://html/body/div/div/div/div/main/div/div/div/div[1]/div[2]/button/span/span'.</msg>
<status status="PASS" starttime="20230313 10:29:28.655" endtime="20230313 10:29:29.045"/>
</kw>
<kw name="Input Text" library="SeleniumLibrary">
<arg>xpath://html/body/div[1]/div/div/div[1]/main/div/div/div/form/div/div[1]/div/div/div/div[1]/input</arg>
<arg>Delivery Advise</arg>
<doc>Types the given ``text`` into the text field identified by ``locator``.</doc>
<msg timestamp="20230313 10:29:29.046" level="INFO">Typing text 'Delivery Advise' into text field 'xpath://html/body/div[1]/div/div/div[1]/main/div/div/div/form/div/div[1]/div/div/div/div[1]/input'.</msg>
<status status="PASS" starttime="20230313 10:29:29.045" endtime="20230313 10:29:29.272"/>
</kw>
<kw name="Click Element" library="SeleniumLibrary">
<arg>xpath://html/body/div[1]/div/div/div[1]/main/div/div/div/form/div/div[2]/div/div/div/div[1]/input[1]</arg>
<doc>Click the element identified by ``locator``.</doc>
<msg timestamp="20230313 10:29:29.273" level="INFO">Clicking element 'xpath://html/body/div[1]/div/div/div[1]/main/div/div/div/form/div/div[2]/div/div/div/div[1]/input[1]'.</msg>
<status status="PASS" starttime="20230313 10:29:29.272" endtime="20230313 10:29:29.367"/>
</kw>
<kw name="Click Element" library="SeleniumLibrary">
<arg>xpath://html/body/div/div/div/div[2]/div/div[3]/div/div</arg>
<doc>Click the element identified by ``locator``.</doc>
<msg timestamp="20230313 10:29:29.368" level="INFO">Clicking element 'xpath://html/body/div/div/div/div[2]/div/div[3]/div/div'.</msg>
<status status="PASS" starttime="20230313 10:29:29.367" endtime="20230313 10:29:29.457"/>
</kw>
<kw name="Click Element" library="SeleniumLibrary">
<arg>xpath://html/body/div/div/div/div[1]/main/div/div/div/form/div/div[3]/div/div/div/div[1]/input[1]</arg>
<doc>Click the element identified by ``locator``.</doc>
<msg timestamp="20230313 10:29:29.457" level="INFO">Clicking element 'xpath://html/body/div/div/div/div[1]/main/div/div/div/form/div/div[3]/div/div/div/div[1]/input[1]'.</msg>
<status status="PASS" starttime="20230313 10:29:29.457" endtime="20230313 10:29:29.534"/>
</kw>
<kw name="Click Element" library="SeleniumLibrary">
<arg>xpath://div[contains(text(),'High')]</arg>
<doc>Click the element identified by ``locator``.</doc>
<msg timestamp="20230313 10:29:29.536" level="INFO">Clicking element 'xpath://div[contains(text(),'High')]'.</msg>
<status status="PASS" starttime="20230313 10:29:29.535" endtime="20230313 10:29:29.626"/>
</kw>
<kw name="Input Text" library="SeleniumLibrary">
<arg>xpath://html/body/div/div/div/div[1]/main/div/div/div/form/div/div[4]/div/div/div[1]/div[1]/textarea</arg>
<arg>Testing</arg>
<doc>Types the given ``text`` into the text field identified by ``locator``.</doc>
<msg timestamp="20230313 10:29:29.626" level="INFO">Typing text 'Testing' into text field 'xpath://html/body/div/div/div/div[1]/main/div/div/div/form/div/div[4]/div/div/div[1]/div[1]/textarea'.</msg>
<status status="PASS" starttime="20230313 10:29:29.626" endtime="20230313 10:29:29.801"/>
</kw>
<kw name="Click Button" library="SeleniumLibrary">
<arg>Submit</arg>
<doc>Clicks the button identified by ``locator``.</doc>
<msg timestamp="20230313 10:29:29.802" level="INFO">Clicking button 'Submit'.</msg>
<status status="PASS" starttime="20230313 10:29:29.801" endtime="20230313 10:29:29.906"/>
</kw>
<kw name="Sleep" library="BuiltIn">
<arg>6s</arg>
<doc>Pauses the test executed for the given time.</doc>
<msg timestamp="20230313 10:29:35.907" level="INFO">Slept 6 seconds</msg>
<status status="PASS" starttime="20230313 10:29:29.906" endtime="20230313 10:29:35.907"/>
</kw>
<kw name="Wait Until Page Contains" library="SeleniumLibrary">
<arg>Ticket created successfully!</arg>
<doc>Waits until ``text`` appears on the current page.</doc>
<status status="PASS" starttime="20230313 10:29:35.907" endtime="20230313 10:29:35.935"/>
</kw>
<status status="PASS" starttime="20230313 10:29:28.654" endtime="20230313 10:29:35.935"/>
</kw>
<kw name="Create Support Ticket For Invoice Module" library="Support">
<kw name="Click Element" library="SeleniumLibrary">
<arg>${AddTicket}</arg>
<doc>Click the element identified by ``locator``.</doc>
<msg timestamp="20230313 10:29:35.937" level="INFO">Clicking element 'xpath://html/body/div/div/div/div/main/div/div/div/div[1]/div[2]/button/span/span'.</msg>
<status status="PASS" starttime="20230313 10:29:35.936" endtime="20230313 10:29:36.071"/>
</kw>
<kw name="Input Text" library="SeleniumLibrary">
<arg>xpath://html/body/div[1]/div/div/div[1]/main/div/div/div/form/div/div[1]/div/div/div/div[1]/input</arg>
<arg>Delivery Advise</arg>
<doc>Types the given ``text`` into the text field identified by ``locator``.</doc>
<msg timestamp="20230313 10:29:36.073" level="INFO">Typing text 'Delivery Advise' into text field 'xpath://html/body/div[1]/div/div/div[1]/main/div/div/div/form/div/div[1]/div/div/div/div[1]/input'.</msg>
<status status="PASS" starttime="20230313 10:29:36.072" endtime="20230313 10:29:36.327"/>
</kw>
<kw name="Click Element" library="SeleniumLibrary">
<arg>xpath://html/body/div[1]/div/div/div[1]/main/div/div/div/form/div/div[2]/div/div/div/div[1]/input[1]</arg>
<doc>Click the element identified by ``locator``.</doc>
<msg timestamp="20230313 10:29:36.328" level="INFO">Clicking element 'xpath://html/body/div[1]/div/div/div[1]/main/div/div/div/form/div/div[2]/div/div/div/div[1]/input[1]'.</msg>
<status status="PASS" starttime="20230313 10:29:36.327" endtime="20230313 10:29:36.420"/>
</kw>
<kw name="Click Element" library="SeleniumLibrary">
<arg>xpath://html/body/div/div/div/div[2]/div/div[5]/div</arg>
<doc>Click the element identified by ``locator``.</doc>
<msg timestamp="20230313 10:29:36.421" level="INFO">Clicking element 'xpath://html/body/div/div/div/div[2]/div/div[5]/div'.</msg>
<status status="PASS" starttime="20230313 10:29:36.420" endtime="20230313 10:29:36.507"/>
</kw>
<kw name="Click Element" library="SeleniumLibrary">
<arg>xpath://html/body/div/div/div/div[1]/main/div/div/div/form/div/div[3]/div/div/div/div[1]/input[1]</arg>
<doc>Click the element identified by ``locator``.</doc>
<msg timestamp="20230313 10:29:36.507" level="INFO">Clicking element 'xpath://html/body/div/div/div/div[1]/main/div/div/div/form/div/div[3]/div/div/div/div[1]/input[1]'.</msg>
<status status="PASS" starttime="20230313 10:29:36.507" endtime="20230313 10:29:36.603"/>
</kw>
<kw name="Click Element" library="SeleniumLibrary">
<arg>xpath://div[contains(text(),'Critical')]</arg>
<doc>Click the element identified by ``locator``.</doc>
<msg timestamp="20230313 10:29:36.604" level="INFO">Clicking element 'xpath://div[contains(text(),'Critical')]'.</msg>
<status status="PASS" starttime="20230313 10:29:36.604" endtime="20230313 10:29:36.738"/>
</kw>
<kw name="Input Text" library="SeleniumLibrary">
<arg>xpath://html/body/div/div/div/div[1]/main/div/div/div/form/div/div[4]/div/div/div[1]/div[1]/textarea</arg>
<arg>Testing</arg>
<doc>Types the given ``text`` into the text field identified by ``locator``.</doc>
<msg timestamp="20230313 10:29:36.739" level="INFO">Typing text 'Testing' into text field 'xpath://html/body/div/div/div/div[1]/main/div/div/div/form/div/div[4]/div/div/div[1]/div[1]/textarea'.</msg>
<status status="PASS" starttime="20230313 10:29:36.738" endtime="20230313 10:29:36.913"/>
</kw>
<kw name="Click Button" library="SeleniumLibrary">
<arg>Submit</arg>
<doc>Clicks the button identified by ``locator``.</doc>
<msg timestamp="20230313 10:29:36.914" level="INFO">Clicking button 'Submit'.</msg>
<status status="PASS" starttime="20230313 10:29:36.913" endtime="20230313 10:29:37.014"/>
</kw>
<kw name="Wait Until Page Contains" library="SeleniumLibrary">
<arg>Ticket created successfully!</arg>
<doc>Waits until ``text`` appears on the current page.</doc>
<status status="PASS" starttime="20230313 10:29:37.015" endtime="20230313 10:29:37.035"/>
</kw>
<status status="PASS" starttime="20230313 10:29:35.935" endtime="20230313 10:29:37.035"/>
</kw>
<status status="PASS" starttime="20230313 10:29:19.032" endtime="20230313 10:29:37.036"/>
</test>
<test id="s1-t3" name="closeBrowser" line="16">
<kw name="End Web Test" library="Common">
<kw name="Close Browser" library="SeleniumLibrary">
<doc>Closes the current browser.</doc>
<status status="PASS" starttime="20230313 10:29:37.037" endtime="20230313 10:29:37.107"/>
</kw>
<status status="PASS" starttime="20230313 10:29:37.036" endtime="20230313 10:29:37.107"/>
</kw>
<status status="PASS" starttime="20230313 10:29:37.036" endtime="20230313 10:29:37.107"/>
</test>
<doc>This Teacses For Support Module</doc>
<status status="PASS" starttime="20230313 10:29:15.452" endtime="20230313 10:29:37.108"/>
</suite>
<statistics>
<total>
<stat pass="3" fail="0" skip="0">All Tests</stat>
</total>
<tag>
</tag>
<suite>
<stat pass="3" fail="0" skip="0" id="s1" name="Support">Support</stat>
</suite>
</statistics>
<errors>
<msg timestamp="20230313 10:29:15.606" level="ERROR">Error in file '/home/fero/PycharmProjects/Bollore_Automation_git/Bollore_Automation/Resources/Support/Support.robot' on line 3: Resource file '../Resource/Common.robot' does not exist.</msg>
</errors>
</robot>
